<?xml version="1.0" encoding="UTF-8"?>
<!-- Generated by org.testng.reporters.JUnitReportReporter -->
<testsuite hostname="WINDOWS-J0ACLPE" failures="0" tests="2" name="standalone.submitOrder" time="33.472" errors="0" timestamp="2024-09-29T13:18:22 IST" skipped="0">
  <testcase classname="standalone.submitOrder" name="submitOrder" time="14.514"/>
  <system-out/>
  <testcase classname="standalone.submitOrder" name="submitOrder" time="18.958"/>
  <system-out/>
</testsuite> <!-- standalone.submitOrder -->
