<?xml version="1.0" encoding="UTF-8"?>
<!-- Generated by org.testng.reporters.JUnitReportReporter -->
<testsuite hostname="WINDOWS-J0ACLPE" failures="0" tests="1" name="standalone.ErrorValidation" time="17.288" errors="0" timestamp="2024-09-29T13:05:34 IST" skipped="0">
  <testcase classname="standalone.ErrorValidation" name="LoginErrorValidation" time="17.288"/>
  <system-out/>
</testsuite> <!-- standalone.ErrorValidation -->
